<?xml version="1.0" encoding="UTF-8"?>
<testng-results skipped="0" failed="0" ignored="0" total="1" passed="1">
  <reporter-output>
  </reporter-output>
  <suite name="Default suite" duration-ms="24061" started-at="2023-05-15T21:42:17 IST" finished-at="2023-05-15T21:42:41 IST">
    <groups>
    </groups>
    <test name="Default test" duration-ms="24061" started-at="2023-05-15T21:42:17 IST" finished-at="2023-05-15T21:42:41 IST">
      <class name="com.app.suite.ReadOTP">
        <test-method status="PASS" signature="setup()[pri:0, instance:com.app.suite.ReadOTP@323e8306]" name="setup" is-config="true" duration-ms="19101" started-at="2023-05-15T21:42:17 IST" finished-at="2023-05-15T21:42:36 IST">
          <reporter-output>
          </reporter-output>
        </test-method> <!-- setup -->
        <test-method status="PASS" signature="readOTP()[pri:0, instance:com.app.suite.ReadOTP@323e8306]" name="readOTP" duration-ms="4506" started-at="2023-05-15T21:42:36 IST" finished-at="2023-05-15T21:42:40 IST">
          <reporter-output>
          </reporter-output>
        </test-method> <!-- readOTP -->
        <test-method status="PASS" signature="teardown()[pri:0, instance:com.app.suite.ReadOTP@323e8306]" name="teardown" is-config="true" duration-ms="1" started-at="2023-05-15T21:42:41 IST" finished-at="2023-05-15T21:42:41 IST">
          <reporter-output>
          </reporter-output>
        </test-method> <!-- teardown -->
      </class> <!-- com.app.suite.ReadOTP -->
    </test> <!-- Default test -->
  </suite> <!-- Default suite -->
</testng-results>
